<?xml version="1.0" encoding="UTF-8"?>
<!-- Generated by org.testng.reporters.JUnitReportReporter -->
<testsuite hostname="IN-9WVCX64" failures="0" tests="1" name="MashreqAssignment.AddToCartPageTest04" time="32.304" errors="0" timestamp="2025-08-04T18:01:37 IST" skipped="0">
  <testcase classname="MashreqAssignment.AddToCartPageTest04" name="testAddProductToCart" time="32.304"/>
</testsuite> <!-- MashreqAssignment.AddToCartPageTest04 -->
