<?xml version="1.0" encoding="UTF-8"?>
<!-- Generated by org.testng.reporters.JUnitReportReporter -->
<testsuite hostname="IN-9WVCX64" failures="0" tests="2" name="MashreqAssignment.LoginPageTest01" time="25.051" errors="0" timestamp="2025-08-04T18:01:37 IST" skipped="0">
  <testcase classname="MashreqAssignment.LoginPageTest01" name="LoginValidMailId" time="11.461"/>
  <testcase classname="MashreqAssignment.LoginPageTest01" name="LoginInValidMailId" time="13.590"/>
</testsuite> <!-- MashreqAssignment.LoginPageTest01 -->
